<?xml version="1.0" encoding="UTF-8"?>
<!-- Generated by org.testng.reporters.JUnitXMLReporter -->
<testsuite ignored="0" hostname="INHL1290" failures="0" tests="22" name="Test" time="21.773" errors="0" timestamp="2023-01-13T15:28:01 IST">
  <testcase classname="org.pineapple.testscripts.Post_Request_SignUp_TestScript_API" name="SignUpwithAllParameter" time="2.602"/>
  <testcase classname="org.pineapple.testscripts.Post_Request_SignUp_TestScript_API" name="SignUpwithSameInviteeEmail" time="0.922"/>
  <testcase classname="org.pineapple.testscripts.Post_Request_SignUp_TestScript_API" name="SignUpwithBlankParameter" time="0.91"/>
  <testcase classname="org.pineapple.testscripts.Post_Request_SignUp_TestScript_API" name="SignUpwithInvalidParameter" time="0.901"/>
  <testcase classname="org.pineapple.testscripts.Post_Request_SignUp_TestScript_API" name="SignUpwithInvalidToken" time="0.919"/>
  <testcase classname="org.pineapple.testscripts.Post_Request_SignUp_TestScript_API" name="SignUpPassMandateParameterwitoutCountrycode" time="0.902"/>
  <testcase classname="org.pineapple.testscripts.Post_Request_SignUp_TestScript_API" name="SignUpwithAllMandateParameter" time="0.939"/>
  <testcase classname="org.pineapple.testscripts.Post_Request_SignUp_TestScript_API" name="SignUpPassOnlyBusinessName" time="0.892"/>
  <testcase classname="org.pineapple.testscripts.Post_Request_SignUp_TestScript_API" name="SignUpPassOnlyCountrycode" time="0.917"/>
  <testcase classname="org.pineapple.testscripts.Post_Request_SignUp_TestScript_API" name="SignUpOnlyEmail" time="0.937"/>
  <testcase classname="org.pineapple.testscripts.Post_Request_SignUp_TestScript_API" name="SignUpPassVerifiedEmailaddress" time="0.901"/>
  <testcase classname="org.pineapple.testscripts.Post_Request_SendEmail_InvitationToInvitee_Test_API" name="EmailInvitationWithRegisteredBusiness" time="0.913"/>
  <testcase classname="org.pineapple.testscripts.Post_Request_SendEmail_InvitationToInvitee_Test_API" name="EmailInvitationwithInvitedBusiness" time="0.889"/>
  <testcase classname="org.pineapple.testscripts.Post_Request_SendEmail_InvitationToInvitee_Test_API" name="EmailInvitationwithBlankInvitee" time="0.915"/>
  <testcase classname="org.pineapple.testscripts.Patch_Resend_business_registration_email_Test_API" name="resendBusinessRegistrationwithInvitedBusiness" time="0.917"/>
  <testcase classname="org.pineapple.testscripts.Patch_Resend_business_registration_email_Test_API" name="resendBusinessRegistrationwithRegistratedBusiness" time="0.898"/>
  <testcase classname="org.pineapple.testscripts.Patch_Resend_business_registration_email_Test_API" name="resendBusinessRegistrationwithInvalidExternalBusinessID" time="0.893"/>
  <testcase classname="org.pineapple.testscripts.Patch_Resend_business_registration_email_Test_API" name="resendBusinessRegistrationwithInvalidToken" time="0.882"/>
  <testcase classname="org.pineapple.testscripts.Get_PineApple_BusinessID_Test_API" name="Get_PineappleBusinessID_RegisteredExternalBusinessID" time="0.92"/>
  <testcase classname="org.pineapple.testscripts.Get_PineApple_BusinessID_Test_API" name="Get_PineappleBusinessID_InvalidExternalID" time="0.923"/>
  <testcase classname="org.pineapple.testscripts.Get_PineApple_BusinessID_Test_API" name="Get_PineappleBusinessID_InvitedExternalBusinessID" time="0.904"/>
  <testcase classname="org.pineapple.testscripts.Get_PineApple_BusinessID_Test_API" name="Get_PineappleBusinessID_InvalidToken" time="0.89"/>
</testsuite> <!-- Test -->
